<?xml version="1.0" encoding="UTF-8"?>
<testng-results ignored="0" total="1" passed="1" failed="0" skipped="0">
  <reporter-output>
  </reporter-output>
  <suite started-at="2022-09-04T17:49:55 IST" name="Suite" finished-at="2022-09-04T17:50:07 IST" duration-ms="12100">
    <groups>
    </groups>
    <test started-at="2022-09-04T17:49:55 IST" name="Test" finished-at="2022-09-04T17:50:07 IST" duration-ms="12100">
      <class name="practice.all_para_list_asse">
        <test-method signature="open_browser(java.lang.String)[pri:0, instance:practice.all_para_list_asse@2eae8e6e]" started-at="2022-09-04T17:49:55 IST" name="open_browser" finished-at="2022-09-04T17:50:07 IST" duration-ms="12007" status="PASS">
          <params>
            <param index="0">
              <value>
                <![CDATA[chrome]]>
              </value>
            </param>
          </params>
          <reporter-output>
          </reporter-output>
        </test-method> <!-- open_browser -->
      </class> <!-- practice.all_para_list_asse -->
    </test> <!-- Test -->
  </suite> <!-- Suite -->
</testng-results>
